Arguments: 
  /usr/local/Cellar/node/12.12.0/bin/node /usr/local/Cellar/yarn/1.19.1/libexec/bin/yarn.js dev

PATH: 
  /Users/elvinyhlee/Library/Python/3.7/bin:/Library/Frameworks/Python.framework/Versions/3.7/bin:/usr/local/bin:/usr/bin:/bin:/usr/sbin:/sbin

Yarn version: 
  1.19.1

Node version: 
  12.12.0

Platform: 
  darwin x64

Trace: 
  SyntaxError: /Users/elvinyhlee/MyNotes/package.json: Unexpected token } in JSON at position 272
      at JSON.parse (<anonymous>)
      at /usr/local/Cellar/yarn/1.19.1/libexec/lib/cli.js:1625:59
      at Generator.next (<anonymous>)
      at step (/usr/local/Cellar/yarn/1.19.1/libexec/lib/cli.js:304:30)
      at /usr/local/Cellar/yarn/1.19.1/libexec/lib/cli.js:315:13

npm manifest: 
  {
    "name": "MyNotes",
    "version": "1.0.0",
    "main": "index.js",
    "repository": "git@github.com:elvinyhlee/MyNotes.git",
    "author": "elvinyhlee <elvin.lee@bowtie.com.hk>",
    "license": "MIT",
    "scripts": {
      "test": "echo \"Error: no test specified\" && exit 1",
    },
    "dependencies": {
      "vuepress": "^1.5.2"
    }
  }

yarn manifest: 
  No manifest

Lockfile: 
  No lockfile
